<!DOCTYPE html>
<html>
<head>
    <meta charset="utf-8">
    <meta http-equiv="X-UA-Compatible" content="IE=edge">
    <meta name="viewport" content="width=device-width, initial-scale=1">
    <!-- The above 3 meta tags *must* come first in the head; any other head content must come *after* these tags -->
    <title>Phalcon PHP Framework</title>
    <link rel="stylesheet" href="https://maxcdn.bootstrapcdn.com/bootstrap/3.3.7/css/bootstrap.min.css">
</head>
<body>
<nav class="navbar navbar-default">
    <div class="container-fluid">
        <div class="navbar-header">
            <a class="navbar-brand" href="#">WebSiteName</a>
        </div>
        <ul class="nav navbar-nav">
            <li><a href=" http://php-frameworks.semasping.info/laravel-5.4/public">Home</a></li>
            <li><a href=" http://php-frameworks.semasping.info/laravel-5.4/public/authors">All Authors</a></li>
            <li><a href=" http://php-frameworks.semasping.info/laravel-5.4/public/categories">All Categories</a></li>
            <li><a href=" http://php-frameworks.semasping.info/laravel-5.4/public/posts">All Posts</a></li>
        </ul>
    </div>
</nav><div class="container">

        <div class="page-header">
        <h1>
            Authors list
        </h1>
    </div>
    <div class="row">
        <ul>
		                <li><pre>id: 1 &#09; Name:Dagmar Ellar &#09; CountPosts: 14</pre></li>
		                <li><pre>id: 2 &#09; Name:Kristina Robertelli &#09; CountPosts: 18</pre></li>
		                <li><pre>id: 3 &#09; Name:Morty Smallbone &#09; CountPosts: 11</pre></li>
		                <li><pre>id: 4 &#09; Name:Chanda Cantle &#09; CountPosts: 14</pre></li>
		                <li><pre>id: 5 &#09; Name:Katlin Croysdale &#09; CountPosts: 16</pre></li>
		                <li><pre>id: 6 &#09; Name:Hedi Dow &#09; CountPosts: 11</pre></li>
		                <li><pre>id: 7 &#09; Name:Jere Meardon &#09; CountPosts: 13</pre></li>
		                <li><pre>id: 8 &#09; Name:Alvin Seekings &#09; CountPosts: 10</pre></li>
		                <li><pre>id: 9 &#09; Name:Kiersten Whatham &#09; CountPosts: 15</pre></li>
		                <li><pre>id: 10 &#09; Name:Rayna Proswell &#09; CountPosts: 11</pre></li>
		                <li><pre>id: 11 &#09; Name:Tiffie Benion &#09; CountPosts: 14</pre></li>
		                <li><pre>id: 12 &#09; Name:Moritz Danhel &#09; CountPosts: 22</pre></li>
		                <li><pre>id: 13 &#09; Name:James Merioth &#09; CountPosts: 17</pre></li>
		                <li><pre>id: 14 &#09; Name:Felike Wehner &#09; CountPosts: 12</pre></li>
		                <li><pre>id: 15 &#09; Name:Carree Pykerman &#09; CountPosts: 17</pre></li>
		                <li><pre>id: 16 &#09; Name:Belle Garlick &#09; CountPosts: 16</pre></li>
		                <li><pre>id: 17 &#09; Name:Ardra Toseland &#09; CountPosts: 14</pre></li>
		                <li><pre>id: 18 &#09; Name:Marysa Collelton &#09; CountPosts: 9</pre></li>
		                <li><pre>id: 19 &#09; Name:Ajay Whyteman &#09; CountPosts: 14</pre></li>
		                <li><pre>id: 20 &#09; Name:Freddy Cullimore &#09; CountPosts: 11</pre></li>
		                <li><pre>id: 21 &#09; Name:Rebeka Tournie &#09; CountPosts: 13</pre></li>
		                <li><pre>id: 22 &#09; Name:Vida Hanretty &#09; CountPosts: 12</pre></li>
		                <li><pre>id: 23 &#09; Name:Noelani Tilberry &#09; CountPosts: 9</pre></li>
		                <li><pre>id: 24 &#09; Name:Caria Curle &#09; CountPosts: 18</pre></li>
		                <li><pre>id: 25 &#09; Name:Kara Kristoffersson &#09; CountPosts: 18</pre></li>
		                <li><pre>id: 26 &#09; Name:Claybourne Sutherden &#09; CountPosts: 13</pre></li>
		                <li><pre>id: 27 &#09; Name:Alexina Jambrozek &#09; CountPosts: 9</pre></li>
		                <li><pre>id: 28 &#09; Name:Gabriele Sarre &#09; CountPosts: 10</pre></li>
		                <li><pre>id: 29 &#09; Name:Rockwell Waine &#09; CountPosts: 10</pre></li>
		                <li><pre>id: 30 &#09; Name:Jada Harsant &#09; CountPosts: 11</pre></li>
		                <li><pre>id: 31 &#09; Name:Alex Jebb &#09; CountPosts: 24</pre></li>
		                <li><pre>id: 32 &#09; Name:Ephrem Lorenzin &#09; CountPosts: 13</pre></li>
		                <li><pre>id: 33 &#09; Name:Alard Busswell &#09; CountPosts: 10</pre></li>
		                <li><pre>id: 34 &#09; Name:Burtie Zold &#09; CountPosts: 14</pre></li>
		                <li><pre>id: 35 &#09; Name:Tamarah Stirton &#09; CountPosts: 10</pre></li>
		                <li><pre>id: 36 &#09; Name:Krishnah Mellody &#09; CountPosts: 15</pre></li>
		                <li><pre>id: 37 &#09; Name:Hodge Villaron &#09; CountPosts: 14</pre></li>
		                <li><pre>id: 38 &#09; Name:Karla Hincks &#09; CountPosts: 10</pre></li>
		                <li><pre>id: 39 &#09; Name:Gabbie Domanski &#09; CountPosts: 8</pre></li>
		                <li><pre>id: 40 &#09; Name:Marielle Murrock &#09; CountPosts: 12</pre></li>
		                <li><pre>id: 41 &#09; Name:Read Brocklesby &#09; CountPosts: 17</pre></li>
		                <li><pre>id: 42 &#09; Name:Kimberlyn Shillito &#09; CountPosts: 11</pre></li>
		                <li><pre>id: 43 &#09; Name:Garland Hanmer &#09; CountPosts: 11</pre></li>
		                <li><pre>id: 44 &#09; Name:Jeane Harry &#09; CountPosts: 11</pre></li>
		                <li><pre>id: 45 &#09; Name:Hakim Winfindale &#09; CountPosts: 11</pre></li>
		                <li><pre>id: 46 &#09; Name:Matty Phillimore &#09; CountPosts: 7</pre></li>
		                <li><pre>id: 47 &#09; Name:Eolanda Buffham &#09; CountPosts: 10</pre></li>
		                <li><pre>id: 48 &#09; Name:Skippie Packham &#09; CountPosts: 10</pre></li>
		                <li><pre>id: 49 &#09; Name:Meta Paley &#09; CountPosts: 11</pre></li>
		                <li><pre>id: 50 &#09; Name:Derk Mardall &#09; CountPosts: 13</pre></li>
		            </ul>
    </div>
</div>
<!-- jQuery (necessary for Bootstrap's JavaScript plugins) -->
<script src="https://ajax.googleapis.com/ajax/libs/jquery/3.1.0/jquery.min.js"></script>
<!-- Latest compiled and minified JavaScript -->
<script src="https://maxcdn.bootstrapcdn.com/bootstrap/3.3.7/js/bootstrap.min.js"></script>
</body>
</html>Hello World 
 7700472:0.206091:261